<?xml version="1.0" encoding="utf-8"?><testsuites><testsuite name="pytest" errors="0" failures="0" skipped="0" tests="17" time="23.715" timestamp="2024-04-08T20:45:14.618967" hostname="Cesars-MBP.cust.communityfibre.co.uk"><testcase classname="tests.integration.auth.test_routes" name="test_register" time="3.226" /><testcase classname="tests.integration.auth.test_routes" name="test_login_endpoint" time="3.114" /><testcase classname="tests.integration.auth.test_routes" name="test_register_email_taken" time="2.602" /><testcase classname="tests.integration.nlp.test_nlp_endpoints" name="test_process_endpoint" time="4.680" /><testcase classname="tests.integration.nlp.test_nlp_endpoints" name="test_match_blueprints_endpoint" time="2.368" /><testcase classname="tests.integration.nlp.test_nlp_endpoints" name="test_protected_endpoint_unauthorized" time="2.643" /><testcase classname="tests.integration.nlp.test_nlp_endpoints" name="test_protected_endpoint_invalid_token" time="2.268" /><testcase classname="tests.unit.test_entity_extraction" name="test_load_tech_entities" time="0.002" /><testcase classname="tests.unit.test_entity_extraction" name="test_initialize_matcher_with_patterns" time="0.016" /><testcase classname="tests.unit.test_entity_extraction" name="test_extract_tech_entities_single_entity" time="0.024" /><testcase classname="tests.unit.test_entity_extraction" name="test_extract_tech_entities_multiple_entities" time="0.028" /><testcase classname="tests.unit.test_entity_extraction" name="test_extract_tech_entities_different_types" time="0.024" /><testcase classname="tests.unit.test_entity_extraction" name="test_extract_tech_entities_fuzzy_matching" time="0.022" /><testcase classname="tests.unit.test_match_blueprints" name="test_match_blueprints" time="0.001" /><testcase classname="tests.unit.test_match_blueprints" name="test_match_blueprints_no_matching_blueprints" time="0.001" /><testcase classname="tests.unit.test_recommendation_generation" name="test_dynamic_score_entities" time="2.355" /><testcase classname="tests.unit.test_recommendation_generation" name="test_recommend_technologies" time="0.001" /></testsuite></testsuites>